This is pdfTeX, Version 3.141592653-2.6-1.40.25 (TeX Live 2023) (preloaded format=pdflatex 2023.11.23)  3 FEB 2025 12:52
entering extended mode
 restricted \write18 enabled.
 file:line:error style messages enabled.
 %&-line parsing enabled.
**"/Users/inescipullo/Documents_/Ingenieria de Software/TP Verificacion Software/Informe/informe.tex"
(/Users/inescipullo/Documents_/Ingenieria de Software/TP Verificacion Software/Informe/informe.tex
LaTeX2e <2022-11-01> patch level 1
L3 programming layer <2023-02-22> (/usr/local/texlive/2023/texmf-dist/tex/latex/base/article.cls
Document Class: article 2022/07/02 v1.4n Standard LaTeX document class
(/usr/local/texlive/2023/texmf-dist/tex/latex/base/size10.clo
File: size10.clo 2022/07/02 v1.4n Standard LaTeX file (size option)
)
\c@part=\count185
\c@section=\count186
\c@subsection=\count187
\c@subsubsection=\count188
\c@paragraph=\count189
\c@subparagraph=\count190
\c@figure=\count191
\c@table=\count192
\abovecaptionskip=\skip48
\belowcaptionskip=\skip49
\bibindent=\dimen140
) (/usr/local/texlive/2023/texmf-dist/tex/latex/base/inputenc.sty
Package: inputenc 2021/02/14 v1.3d Input encoding file
\inpenc@prehook=\toks16
\inpenc@posthook=\toks17
) (/usr/local/texlive/2023/texmf-dist/tex/latex/amsfonts/amsfonts.sty
Package: amsfonts 2013/01/14 v3.01 Basic AMSFonts support
\@emptytoks=\toks18
\symAMSa=\mathgroup4
\symAMSb=\mathgroup5
LaTeX Font Info:    Redeclaring math symbol \hbar on input line 98.
LaTeX Font Info:    Overwriting math alphabet `\mathfrak' in version `bold'
(Font)                  U/euf/m/n --> U/euf/b/n on input line 106.
) (/usr/local/texlive/2023/texmf-dist/tex/latex/natbib/natbib.sty
Package: natbib 2010/09/13 8.31b (PWD, AO)
\bibhang=\skip50
\bibsep=\skip51
LaTeX Info: Redefining \cite on input line 694.
\c@NAT@ctr=\count193
) (/usr/local/texlive/2023/texmf-dist/tex/latex/amsmath/amsmath.sty
Package: amsmath 2022/04/08 v2.17n AMS math features
\@mathmargin=\skip52

For additional information on amsmath, use the `?' option.
(/usr/local/texlive/2023/texmf-dist/tex/latex/amsmath/amstext.sty
Package: amstext 2021/08/26 v2.01 AMS text
 (/usr/local/texlive/2023/texmf-dist/tex/latex/amsmath/amsgen.sty
File: amsgen.sty 1999/11/30 v2.0 generic functions
\@emptytoks=\toks19
\ex@=\dimen141
)) (/usr/local/texlive/2023/texmf-dist/tex/latex/amsmath/amsbsy.sty
Package: amsbsy 1999/11/29 v1.2d Bold Symbols
\pmbraise@=\dimen142
) (/usr/local/texlive/2023/texmf-dist/tex/latex/amsmath/amsopn.sty
Package: amsopn 2022/04/08 v2.04 operator names
)
\inf@bad=\count194
LaTeX Info: Redefining \frac on input line 234.
\uproot@=\count195
\leftroot@=\count196
LaTeX Info: Redefining \overline on input line 399.
LaTeX Info: Redefining \colon on input line 410.
\classnum@=\count197
\DOTSCASE@=\count198
LaTeX Info: Redefining \ldots on input line 496.
LaTeX Info: Redefining \dots on input line 499.
LaTeX Info: Redefining \cdots on input line 620.
\Mathstrutbox@=\box51
\strutbox@=\box52
LaTeX Info: Redefining \big on input line 722.
LaTeX Info: Redefining \Big on input line 723.
LaTeX Info: Redefining \bigg on input line 724.
LaTeX Info: Redefining \Bigg on input line 725.
\big@size=\dimen143
LaTeX Font Info:    Redeclaring font encoding OML on input line 743.
LaTeX Font Info:    Redeclaring font encoding OMS on input line 744.
\macc@depth=\count199
LaTeX Info: Redefining \bmod on input line 905.
LaTeX Info: Redefining \pmod on input line 910.
LaTeX Info: Redefining \smash on input line 940.
LaTeX Info: Redefining \relbar on input line 970.
LaTeX Info: Redefining \Relbar on input line 971.
\c@MaxMatrixCols=\count266
\dotsspace@=\muskip16
\c@parentequation=\count267
\dspbrk@lvl=\count268
\tag@help=\toks20
\row@=\count269
\column@=\count270
\maxfields@=\count271
\andhelp@=\toks21
\eqnshift@=\dimen144
\alignsep@=\dimen145
\tagshift@=\dimen146
\tagwidth@=\dimen147
\totwidth@=\dimen148
\lineht@=\dimen149
\@envbody=\toks22
\multlinegap=\skip53
\multlinetaggap=\skip54
\mathdisplay@stack=\toks23
LaTeX Info: Redefining \[ on input line 2953.
LaTeX Info: Redefining \] on input line 2954.
) (/usr/local/texlive/2023/texmf-dist/tex/latex/amsfonts/amssymb.sty
Package: amssymb 2013/01/14 v3.01 AMS font symbols
) (/usr/local/texlive/2023/texmf-dist/tex/latex/amscls/amsthm.sty
Package: amsthm 2020/05/29 v2.20.6
\thm@style=\toks24
\thm@bodyfont=\toks25
\thm@headfont=\toks26
\thm@notefont=\toks27
\thm@headpunct=\toks28
\thm@preskip=\skip55
\thm@postskip=\skip56
\thm@headsep=\skip57
\dth@everypar=\toks29
) (/usr/local/texlive/2023/texmf-dist/tex/latex/jknapltx/mathrsfs.sty
Package: mathrsfs 1996/01/01 Math RSFS package v1.0 (jk)
\symrsfs=\mathgroup6
) (/usr/local/texlive/2023/texmf-dist/tex/latex/fancyhdr/fancyhdr.sty
Package: fancyhdr 2022/11/09 v4.1 Extensive control of page headers and footers
\f@nch@headwidth=\skip58
\f@nch@O@elh=\skip59
\f@nch@O@erh=\skip60
\f@nch@O@olh=\skip61
\f@nch@O@orh=\skip62
\f@nch@O@elf=\skip63
\f@nch@O@erf=\skip64
\f@nch@O@olf=\skip65
\f@nch@O@orf=\skip66
) (/usr/local/texlive/2023/texmf-dist/tex/latex/framed/framed.sty
Package: framed 2011/10/22 v 0.96: framed or shaded text with page breaks
\OuterFrameSep=\skip67
\fb@frw=\dimen150
\fb@frh=\dimen151
\FrameRule=\dimen152
\FrameSep=\dimen153
) (/usr/local/texlive/2023/texmf-dist/tex/generic/dirtree/dirtree.sty
Package: dirtree 2012/12/11 v0.32 package wrapper for dirtree
 (/usr/local/texlive/2023/texmf-dist/tex/generic/dirtree/dirtree.tex `dirtree' v0.32, 2012/12/11 (jcc)
\DT@offset=\dimen154
\DT@width=\dimen155
\DT@sep=\dimen156
\DT@all=\dimen157
\DT@rulewidth=\dimen158
\DT@dotwidth=\dimen159
\DTbaselineskip=\dimen160
\DT@counti=\count272
\DT@countii=\count273
\DT@countiii=\count274
\DT@countiv=\count275
\DT@indent=\dimen161
\DT@parskip=\dimen162
\DT@baselineskip=\dimen163
)
File: dirtree.tex 2012/12/11 v0.32 `dirtree' (jcc)
) (./z-eves.sty
Package: z-eves 97/09/18
\c@mv@zed=\count276
LaTeX Font Info:    Overwriting math alphabet `\mathrm' in version `zed'
(Font)                  OT1/cmr/m/n --> OT1/cmr/m/n on input line 84.
LaTeX Font Info:    Overwriting math alphabet `\mathbf' in version `zed'
(Font)                  OT1/cmr/bx/n --> OT1/cmr/bx/n on input line 84.
LaTeX Font Info:    Overwriting math alphabet `\mathsf' in version `zed'
(Font)                  OT1/cmss/m/n --> OT1/cmss/m/n on input line 84.
\symitalics=\mathgroup7
LaTeX Font Info:    Redeclaring math alphabet \mathrm on input line 84.
LaTeX Font Info:    Redeclaring math alphabet \mathit on input line 84.
\symlasy=\mathgroup8
LaTeX Font Info:    Redeclaring symbol font `AMSa' on input line 84.
LaTeX Font Info:    Overwriting symbol font `AMSa' in version `normal'
(Font)                  U/msa/m/n --> U/msa/m/n on input line 84.
LaTeX Font Info:    Overwriting symbol font `AMSa' in version `bold'
(Font)                  U/msa/m/n --> U/msa/m/n on input line 84.
LaTeX Font Info:    Overwriting symbol font `AMSa' in version `zed'
(Font)                  U/msa/m/n --> U/msa/m/n on input line 84.
LaTeX Font Info:    Redeclaring symbol font `AMSb' on input line 84.
LaTeX Font Info:    Overwriting symbol font `AMSb' in version `normal'
(Font)                  U/msb/m/n --> U/msb/m/n on input line 84.
LaTeX Font Info:    Overwriting symbol font `AMSb' in version `bold'
(Font)                  U/msb/m/n --> U/msb/m/n on input line 84.
LaTeX Font Info:    Overwriting symbol font `AMSb' in version `zed'
(Font)                  U/msb/m/n --> U/msb/m/n on input line 84.
LaTeX Font Info:    Redeclaring math symbol \boxdot on input line 306.
LaTeX Font Info:    Redeclaring math symbol \boxplus on input line 306.
LaTeX Font Info:    Redeclaring math symbol \boxtimes on input line 306.
LaTeX Font Info:    Redeclaring math symbol \square on input line 306.
LaTeX Font Info:    Redeclaring math symbol \blacksquare on input line 306.
LaTeX Font Info:    Redeclaring math symbol \centerdot on input line 306.
LaTeX Font Info:    Redeclaring math symbol \lozenge on input line 306.
LaTeX Font Info:    Redeclaring math symbol \blacklozenge on input line 306.
LaTeX Font Info:    Redeclaring math symbol \circlearrowright on input line 306.
LaTeX Font Info:    Redeclaring math symbol \circlearrowleft on input line 306.
LaTeX Font Info:    Redeclaring math symbol \leftrightharpoons on input line 306.
LaTeX Font Info:    Redeclaring math symbol \boxminus on input line 306.
LaTeX Font Info:    Redeclaring math symbol \Vdash on input line 306.
LaTeX Font Info:    Redeclaring math symbol \Vvdash on input line 306.
LaTeX Font Info:    Redeclaring math symbol \vDash on input line 306.
LaTeX Font Info:    Redeclaring math symbol \twoheadrightarrow on input line 306.
LaTeX Font Info:    Redeclaring math symbol \twoheadleftarrow on input line 306.
LaTeX Font Info:    Redeclaring math symbol \leftleftarrows on input line 306.
LaTeX Font Info:    Redeclaring math symbol \rightrightarrows on input line 306.
LaTeX Font Info:    Redeclaring math symbol \upuparrows on input line 306.
LaTeX Font Info:    Redeclaring math symbol \downdownarrows on input line 306.
LaTeX Font Info:    Redeclaring math symbol \upharpoonright on input line 306.
LaTeX Font Info:    Redeclaring math symbol \downharpoonright on input line 306.
LaTeX Font Info:    Redeclaring math symbol \upharpoonleft on input line 306.
LaTeX Font Info:    Redeclaring math symbol \downharpoonleft on input line 306.
LaTeX Font Info:    Redeclaring math symbol \rightarrowtail on input line 306.
LaTeX Font Info:    Redeclaring math symbol \leftarrowtail on input line 306.
LaTeX Font Info:    Redeclaring math symbol \leftrightarrows on input line 306.
LaTeX Font Info:    Redeclaring math symbol \rightleftarrows on input line 306.
LaTeX Font Info:    Redeclaring math symbol \Lsh on input line 306.
LaTeX Font Info:    Redeclaring math symbol \Rsh on input line 306.
LaTeX Font Info:    Redeclaring math symbol \rightsquigarrow on input line 306.
LaTeX Font Info:    Redeclaring math symbol \leftrightsquigarrow on input line 306.
LaTeX Font Info:    Redeclaring math symbol \looparrowleft on input line 306.
LaTeX Font Info:    Redeclaring math symbol \looparrowright on input line 306.
LaTeX Font Info:    Redeclaring math symbol \circeq on input line 306.
LaTeX Font Info:    Redeclaring math symbol \succsim on input line 306.
LaTeX Font Info:    Redeclaring math symbol \gtrsim on input line 306.
LaTeX Font Info:    Redeclaring math symbol \gtrapprox on input line 306.
LaTeX Font Info:    Redeclaring math symbol \multimap on input line 306.
LaTeX Font Info:    Redeclaring math symbol \therefore on input line 306.
LaTeX Font Info:    Redeclaring math symbol \because on input line 306.
LaTeX Font Info:    Redeclaring math symbol \doteqdot on input line 306.
LaTeX Font Info:    Redeclaring math symbol \triangleq on input line 306.
LaTeX Font Info:    Redeclaring math symbol \precsim on input line 306.
LaTeX Font Info:    Redeclaring math symbol \lesssim on input line 306.
LaTeX Font Info:    Redeclaring math symbol \lessapprox on input line 306.
LaTeX Font Info:    Redeclaring math symbol \eqslantless on input line 306.
LaTeX Font Info:    Redeclaring math symbol \eqslantgtr on input line 306.
LaTeX Font Info:    Redeclaring math symbol \curlyeqprec on input line 306.
LaTeX Font Info:    Redeclaring math symbol \curlyeqsucc on input line 306.
LaTeX Font Info:    Redeclaring math symbol \preccurlyeq on input line 306.
LaTeX Font Info:    Redeclaring math symbol \leqq on input line 306.
LaTeX Font Info:    Redeclaring math symbol \leqslant on input line 306.
LaTeX Font Info:    Redeclaring math symbol \lessgtr on input line 306.
LaTeX Font Info:    Redeclaring math symbol \backprime on input line 306.
LaTeX Font Info:    Redeclaring math symbol \risingdotseq on input line 306.
LaTeX Font Info:    Redeclaring math symbol \fallingdotseq on input line 306.
LaTeX Font Info:    Redeclaring math symbol \succcurlyeq on input line 306.
LaTeX Font Info:    Redeclaring math symbol \geqq on input line 306.
LaTeX Font Info:    Redeclaring math symbol \geqslant on input line 306.
LaTeX Font Info:    Redeclaring math symbol \gtrless on input line 306.
LaTeX Font Info:    Redeclaring math symbol \sqsubset on input line 306.
LaTeX Font Info:    Redeclaring math symbol \sqsupset on input line 306.
LaTeX Font Info:    Redeclaring math symbol \vartriangleright on input line 306.
LaTeX Font Info:    Redeclaring math symbol \vartriangleleft on input line 306.
LaTeX Font Info:    Redeclaring math symbol \trianglerighteq on input line 306.
LaTeX Font Info:    Redeclaring math symbol \trianglelefteq on input line 306.
LaTeX Font Info:    Redeclaring math symbol \bigstar on input line 306.
LaTeX Font Info:    Redeclaring math symbol \between on input line 306.
LaTeX Font Info:    Redeclaring math symbol \blacktriangledown on input line 306.
LaTeX Font Info:    Redeclaring math symbol \blacktriangleright on input line 306.
LaTeX Font Info:    Redeclaring math symbol \blacktriangleleft on input line 306.
LaTeX Font Info:    Redeclaring math symbol \vartriangle on input line 306.
LaTeX Font Info:    Redeclaring math symbol \blacktriangle on input line 306.
LaTeX Font Info:    Redeclaring math symbol \triangledown on input line 306.
LaTeX Font Info:    Redeclaring math symbol \eqcirc on input line 306.
LaTeX Font Info:    Redeclaring math symbol \lesseqgtr on input line 306.
LaTeX Font Info:    Redeclaring math symbol \gtreqless on input line 306.
LaTeX Font Info:    Redeclaring math symbol \lesseqqgtr on input line 306.
LaTeX Font Info:    Redeclaring math symbol \gtreqqless on input line 306.
LaTeX Font Info:    Redeclaring math symbol \Rrightarrow on input line 306.
LaTeX Font Info:    Redeclaring math symbol \Lleftarrow on input line 306.
LaTeX Font Info:    Redeclaring math symbol \veebar on input line 306.
LaTeX Font Info:    Redeclaring math symbol \barwedge on input line 306.
LaTeX Font Info:    Redeclaring math symbol \doublebarwedge on input line 306.
LaTeX Font Info:    Redeclaring math symbol \measuredangle on input line 306.
LaTeX Font Info:    Redeclaring math symbol \sphericalangle on input line 306.
LaTeX Font Info:    Redeclaring math symbol \varpropto on input line 306.
LaTeX Font Info:    Redeclaring math symbol \smallsmile on input line 306.
LaTeX Font Info:    Redeclaring math symbol \smallfrown on input line 306.
LaTeX Font Info:    Redeclaring math symbol \Subset on input line 306.
LaTeX Font Info:    Redeclaring math symbol \Supset on input line 306.
LaTeX Font Info:    Redeclaring math symbol \Cup on input line 306.
LaTeX Font Info:    Redeclaring math symbol \Cap on input line 306.
LaTeX Font Info:    Redeclaring math symbol \curlywedge on input line 306.
LaTeX Font Info:    Redeclaring math symbol \curlyvee on input line 306.
LaTeX Font Info:    Redeclaring math symbol \leftthreetimes on input line 306.
LaTeX Font Info:    Redeclaring math symbol \rightthreetimes on input line 306.
LaTeX Font Info:    Redeclaring math symbol \subseteqq on input line 306.
LaTeX Font Info:    Redeclaring math symbol \supseteqq on input line 306.
LaTeX Font Info:    Redeclaring math symbol \bumpeq on input line 306.
LaTeX Font Info:    Redeclaring math symbol \Bumpeq on input line 306.
LaTeX Font Info:    Redeclaring math symbol \lll on input line 306.
LaTeX Font Info:    Redeclaring math symbol \ggg on input line 306.
LaTeX Font Info:    Redeclaring math delimiter \ulcorner on input line 306.
LaTeX Font Info:    Redeclaring math delimiter \urcorner on input line 306.
LaTeX Font Info:    Redeclaring math delimiter \llcorner on input line 306.
LaTeX Font Info:    Redeclaring math delimiter \lrcorner on input line 306.
LaTeX Font Info:    Redeclaring math symbol \circledS on input line 306.
LaTeX Font Info:    Redeclaring math symbol \pitchfork on input line 306.
LaTeX Font Info:    Redeclaring math symbol \dotplus on input line 306.
LaTeX Font Info:    Redeclaring math symbol \backsim on input line 306.
LaTeX Font Info:    Redeclaring math symbol \backsimeq on input line 306.
LaTeX Font Info:    Redeclaring math symbol \complement on input line 306.
LaTeX Font Info:    Redeclaring math symbol \intercal on input line 306.
LaTeX Font Info:    Redeclaring math symbol \circledcirc on input line 306.
LaTeX Font Info:    Redeclaring math symbol \circledast on input line 306.
LaTeX Font Info:    Redeclaring math symbol \circleddash on input line 306.
LaTeX Font Info:    Redeclaring math symbol \lvertneqq on input line 306.
LaTeX Font Info:    Redeclaring math symbol \gvertneqq on input line 306.
LaTeX Font Info:    Redeclaring math symbol \nleq on input line 306.
LaTeX Font Info:    Redeclaring math symbol \ngeq on input line 306.
LaTeX Font Info:    Redeclaring math symbol \nless on input line 306.
LaTeX Font Info:    Redeclaring math symbol \ngtr on input line 306.
LaTeX Font Info:    Redeclaring math symbol \nprec on input line 306.
LaTeX Font Info:    Redeclaring math symbol \nsucc on input line 306.
LaTeX Font Info:    Redeclaring math symbol \lneqq on input line 306.
LaTeX Font Info:    Redeclaring math symbol \gneqq on input line 306.
LaTeX Font Info:    Redeclaring math symbol \nleqslant on input line 306.
LaTeX Font Info:    Redeclaring math symbol \ngeqslant on input line 306.
LaTeX Font Info:    Redeclaring math symbol \lneq on input line 306.
LaTeX Font Info:    Redeclaring math symbol \gneq on input line 306.
LaTeX Font Info:    Redeclaring math symbol \npreceq on input line 306.
LaTeX Font Info:    Redeclaring math symbol \nsucceq on input line 306.
LaTeX Font Info:    Redeclaring math symbol \precnsim on input line 306.
LaTeX Font Info:    Redeclaring math symbol \succnsim on input line 306.
LaTeX Font Info:    Redeclaring math symbol \lnsim on input line 306.
LaTeX Font Info:    Redeclaring math symbol \gnsim on input line 306.
LaTeX Font Info:    Redeclaring math symbol \nleqq on input line 306.
LaTeX Font Info:    Redeclaring math symbol \ngeqq on input line 306.
LaTeX Font Info:    Redeclaring math symbol \precneqq on input line 306.
LaTeX Font Info:    Redeclaring math symbol \succneqq on input line 306.
LaTeX Font Info:    Redeclaring math symbol \precnapprox on input line 306.
LaTeX Font Info:    Redeclaring math symbol \succnapprox on input line 306.
LaTeX Font Info:    Redeclaring math symbol \lnapprox on input line 306.
LaTeX Font Info:    Redeclaring math symbol \gnapprox on input line 306.
LaTeX Font Info:    Redeclaring math symbol \nsim on input line 306.
LaTeX Font Info:    Redeclaring math symbol \ncong on input line 306.
LaTeX Font Info:    Redeclaring math symbol \varsubsetneq on input line 306.
LaTeX Font Info:    Redeclaring math symbol \varsupsetneq on input line 306.
LaTeX Font Info:    Redeclaring math symbol \nsubseteqq on input line 306.
LaTeX Font Info:    Redeclaring math symbol \nsupseteqq on input line 306.
LaTeX Font Info:    Redeclaring math symbol \subsetneqq on input line 306.
LaTeX Font Info:    Redeclaring math symbol \supsetneqq on input line 306.
LaTeX Font Info:    Redeclaring math symbol \varsubsetneqq on input line 306.
LaTeX Font Info:    Redeclaring math symbol \varsupsetneqq on input line 306.
LaTeX Font Info:    Redeclaring math symbol \subsetneq on input line 306.
LaTeX Font Info:    Redeclaring math symbol \supsetneq on input line 306.
LaTeX Font Info:    Redeclaring math symbol \nsubseteq on input line 306.
LaTeX Font Info:    Redeclaring math symbol \nsupseteq on input line 306.
LaTeX Font Info:    Redeclaring math symbol \nparallel on input line 306.
LaTeX Font Info:    Redeclaring math symbol \nmid on input line 306.
LaTeX Font Info:    Redeclaring math symbol \nshortmid on input line 306.
LaTeX Font Info:    Redeclaring math symbol \nshortparallel on input line 306.
LaTeX Font Info:    Redeclaring math symbol \nvdash on input line 306.
LaTeX Font Info:    Redeclaring math symbol \nVdash on input line 306.
LaTeX Font Info:    Redeclaring math symbol \nvDash on input line 306.
LaTeX Font Info:    Redeclaring math symbol \nVDash on input line 306.
LaTeX Font Info:    Redeclaring math symbol \ntrianglerighteq on input line 306.
LaTeX Font Info:    Redeclaring math symbol \ntrianglelefteq on input line 306.
LaTeX Font Info:    Redeclaring math symbol \ntriangleleft on input line 306.
LaTeX Font Info:    Redeclaring math symbol \ntriangleright on input line 306.
LaTeX Font Info:    Redeclaring math symbol \nleftarrow on input line 306.
LaTeX Font Info:    Redeclaring math symbol \nrightarrow on input line 306.
LaTeX Font Info:    Redeclaring math symbol \nLeftarrow on input line 306.
LaTeX Font Info:    Redeclaring math symbol \nRightarrow on input line 306.
LaTeX Font Info:    Redeclaring math symbol \nLeftrightarrow on input line 306.
LaTeX Font Info:    Redeclaring math symbol \nleftrightarrow on input line 306.
LaTeX Font Info:    Redeclaring math symbol \divideontimes on input line 306.
LaTeX Font Info:    Redeclaring math symbol \varnothing on input line 306.
LaTeX Font Info:    Redeclaring math symbol \mho on input line 306.
LaTeX Font Info:    Redeclaring math symbol \eth on input line 306.
LaTeX Font Info:    Redeclaring math symbol \eqsim on input line 306.
LaTeX Font Info:    Redeclaring math symbol \beth on input line 306.
LaTeX Font Info:    Redeclaring math symbol \gimel on input line 306.
LaTeX Font Info:    Redeclaring math symbol \daleth on input line 306.
LaTeX Font Info:    Redeclaring math symbol \lessdot on input line 306.
LaTeX Font Info:    Redeclaring math symbol \gtrdot on input line 306.
LaTeX Font Info:    Redeclaring math symbol \ltimes on input line 306.
LaTeX Font Info:    Redeclaring math symbol \rtimes on input line 306.
LaTeX Font Info:    Redeclaring math symbol \shortmid on input line 306.
LaTeX Font Info:    Redeclaring math symbol \shortparallel on input line 306.
LaTeX Font Info:    Redeclaring math symbol \smallsetminus on input line 306.
LaTeX Font Info:    Redeclaring math symbol \thicksim on input line 306.
LaTeX Font Info:    Redeclaring math symbol \thickapprox on input line 306.
LaTeX Font Info:    Redeclaring math symbol \approxeq on input line 306.
LaTeX Font Info:    Redeclaring math symbol \succapprox on input line 306.
LaTeX Font Info:    Redeclaring math symbol \precapprox on input line 306.
LaTeX Font Info:    Redeclaring math symbol \curvearrowleft on input line 306.
LaTeX Font Info:    Redeclaring math symbol \curvearrowright on input line 306.
LaTeX Font Info:    Redeclaring math symbol \digamma on input line 306.
LaTeX Font Info:    Redeclaring math symbol \varkappa on input line 306.
LaTeX Font Info:    Redeclaring math symbol \hslash on input line 306.
LaTeX Font Info:    Redeclaring math symbol \hbar on input line 306.
LaTeX Font Info:    Redeclaring math symbol \backepsilon on input line 306.
\zedindent=\dimen164
\zedleftsep=\dimen165
\zedtab=\dimen166
\zedbar=\dimen167
\zedskip=\skip68
\interzedlinepenalty=\count277
\preboxpenalty=\count278
) (/usr/local/texlive/2023/texmf-dist/tex/latex/base/fontenc.sty
Package: fontenc 2021/04/29 v2.0v Standard LaTeX package
) (/usr/local/texlive/2023/texmf-dist/tex/latex/float/float.sty
Package: float 2001/11/08 v1.3d Float enhancements (AL)
\c@float@type=\count279
\float@exts=\toks30
\float@box=\box53
\@float@everytoks=\toks31
\@floatcapt=\box54
) (/usr/local/texlive/2023/texmf-dist/tex/latex/graphics/graphicx.sty
Package: graphicx 2021/09/16 v1.2d Enhanced LaTeX Graphics (DPC,SPQR)
 (/usr/local/texlive/2023/texmf-dist/tex/latex/graphics/keyval.sty
Package: keyval 2022/05/29 v1.15 key=value parser (DPC)
\KV@toks@=\toks32
) (/usr/local/texlive/2023/texmf-dist/tex/latex/graphics/graphics.sty
Package: graphics 2022/03/10 v1.4e Standard LaTeX Graphics (DPC,SPQR)
 (/usr/local/texlive/2023/texmf-dist/tex/latex/graphics/trig.sty
Package: trig 2021/08/11 v1.11 sin cos tan (DPC)
) (/usr/local/texlive/2023/texmf-dist/tex/latex/graphics-cfg/graphics.cfg
File: graphics.cfg 2016/06/04 v1.11 sample graphics configuration
)
Package graphics Info: Driver file: pdftex.def on input line 107.
 (/usr/local/texlive/2023/texmf-dist/tex/latex/graphics-def/pdftex.def
File: pdftex.def 2022/09/22 v1.2b Graphics/color driver for pdftex
))
\Gin@req@height=\dimen168
\Gin@req@width=\dimen169
) (/usr/local/texlive/2023/texmf-dist/tex/latex/caption/subcaption.sty
Package: subcaption 2023/02/19 v1.6 Sub-captions (AR)
 (/usr/local/texlive/2023/texmf-dist/tex/latex/caption/caption.sty
Package: caption 2023/03/12 v3.6j Customizing captions (AR)
 (/usr/local/texlive/2023/texmf-dist/tex/latex/caption/caption3.sty
Package: caption3 2023/03/12 v2.4 caption3 kernel (AR)
\caption@tempdima=\dimen170
\captionmargin=\dimen171
\caption@leftmargin=\dimen172
\caption@rightmargin=\dimen173
\caption@width=\dimen174
\caption@indent=\dimen175
\caption@parindent=\dimen176
\caption@hangindent=\dimen177
Package caption Info: Standard document class detected.
)
\c@caption@flags=\count280
\c@continuedfloat=\count281
Package caption Info: float package is loaded.
)
Package caption Info: New subtype `subfigure' on input line 239.
\c@subfigure=\count282
Package caption Info: New subtype `subtable' on input line 239.
\c@subtable=\count283
) (/usr/local/texlive/2023/texmf-dist/tex/latex/mathtools/mathtools.sty
Package: mathtools 2022/06/29 v1.29 mathematical typesetting tools
 (/usr/local/texlive/2023/texmf-dist/tex/latex/tools/calc.sty
Package: calc 2017/05/25 v4.3 Infix arithmetic (KKT,FJ)
\calc@Acount=\count284
\calc@Bcount=\count285
\calc@Adimen=\dimen178
\calc@Bdimen=\dimen179
\calc@Askip=\skip69
\calc@Bskip=\skip70
LaTeX Info: Redefining \setlength on input line 80.
LaTeX Info: Redefining \addtolength on input line 81.
\calc@Ccount=\count286
\calc@Cskip=\skip71
) (/usr/local/texlive/2023/texmf-dist/tex/latex/mathtools/mhsetup.sty
Package: mhsetup 2021/03/18 v1.4 programming setup (MH)
)
\g_MT_multlinerow_int=\count287
\l_MT_multwidth_dim=\dimen180
\origjot=\skip72
\l_MT_shortvdotswithinadjustabove_dim=\dimen181
\l_MT_shortvdotswithinadjustbelow_dim=\dimen182
\l_MT_above_intertext_sep=\dimen183
\l_MT_below_intertext_sep=\dimen184
\l_MT_above_shortintertext_sep=\dimen185
\l_MT_below_shortintertext_sep=\dimen186
\xmathstrut@box=\box55
\xmathstrut@dim=\dimen187
) (/usr/local/texlive/2023/texmf-dist/tex/latex/l3packages/xparse/xparse.sty (/usr/local/texlive/2023/texmf-dist/tex/latex/l3kernel/expl3.sty
Package: expl3 2023-02-22 L3 programming layer (loader) 
 (/usr/local/texlive/2023/texmf-dist/tex/latex/l3backend/l3backend-pdftex.def
File: l3backend-pdftex.def 2023-01-16 L3 backend support: PDF output (pdfTeX)
\l__color_backend_stack_int=\count288
\l__pdf_internal_box=\box56
))
Package: xparse 2023-02-02 L3 Experimental document command parser
) (./informe.aux)
\openout1 = `informe.aux'.

LaTeX Font Info:    Checking defaults for OML/cmm/m/it on input line 63.
LaTeX Font Info:    ... okay on input line 63.
LaTeX Font Info:    Checking defaults for OMS/cmsy/m/n on input line 63.
LaTeX Font Info:    ... okay on input line 63.
LaTeX Font Info:    Checking defaults for OT1/cmr/m/n on input line 63.
LaTeX Font Info:    ... okay on input line 63.
LaTeX Font Info:    Checking defaults for T1/cmr/m/n on input line 63.
LaTeX Font Info:    ... okay on input line 63.
LaTeX Font Info:    Checking defaults for TS1/cmr/m/n on input line 63.
LaTeX Font Info:    ... okay on input line 63.
LaTeX Font Info:    Checking defaults for OMX/cmex/m/n on input line 63.
LaTeX Font Info:    ... okay on input line 63.
LaTeX Font Info:    Checking defaults for U/cmr/m/n on input line 63.
LaTeX Font Info:    ... okay on input line 63.
 (/usr/local/texlive/2023/texmf-dist/tex/context/base/mkii/supp-pdf.mkii
[Loading MPS to PDF converter (version 2006.09.02).]
\scratchcounter=\count289
\scratchdimen=\dimen188
\scratchbox=\box57
\nofMPsegments=\count290
\nofMParguments=\count291
\everyMPshowfont=\toks33
\MPscratchCnt=\count292
\MPscratchDim=\dimen189
\MPnumerator=\count293
\makeMPintoPDFobject=\count294
\everyMPtoPDFconversion=\toks34
) (/usr/local/texlive/2023/texmf-dist/tex/latex/epstopdf-pkg/epstopdf-base.sty
Package: epstopdf-base 2020-01-24 v2.11 Base part for package epstopdf
Package epstopdf-base Info: Redefining graphics rule for `.eps' on input line 485.
 (/usr/local/texlive/2023/texmf-dist/tex/latex/latexconfig/epstopdf-sys.cfg
File: epstopdf-sys.cfg 2010/07/13 v1.3 Configuration of (r)epstopdf for TeX Live
))
Package caption Info: Begin \AtBeginDocument code.
Package caption Info: End \AtBeginDocument code.
<header.png, id=1, 1054.94125pt x 192.72pt>
File: header.png Graphic file (type png)
<use header.png>
Package pdftex.def Info: header.png  used on input line 66.
(pdftex.def)             Requested size: 506.36606pt x 92.50453pt.

Overfull \hbox (98.77008pt too wide) in paragraph at lines 66--67
[] [] 
 []

[1

{/usr/local/texlive/2023/texmf-var/fonts/map/pdftex/updmap/pdftex.map}{/usr/local/texlive/2023/texmf-dist/fonts/enc/dvips/cm-super/cm-super-t1.enc} <./header.png>]
LaTeX Font Info:    Trying to load font information for U+msa on input line 99.
 (/usr/local/texlive/2023/texmf-dist/tex/latex/amsfonts/umsa.fd
File: umsa.fd 2013/01/14 v3.01 AMS symbols A
)
LaTeX Font Info:    Trying to load font information for U+msb on input line 99.
 (/usr/local/texlive/2023/texmf-dist/tex/latex/amsfonts/umsb.fd
File: umsb.fd 2013/01/14 v3.01 AMS symbols B
)
LaTeX Font Info:    Trying to load font information for U+rsfs on input line 99.
 (/usr/local/texlive/2023/texmf-dist/tex/latex/jknapltx/ursfs.fd
File: ursfs.fd 1998/03/24 rsfs font definition file (jk)
)
LaTeX Font Info:    Trying to load font information for U+lasy on input line 99.
 (/usr/local/texlive/2023/texmf-dist/tex/latex/base/ulasy.fd
File: ulasy.fd 1998/08/17 v2.2e LaTeX symbol font definitions
) [1] [2] [3{/usr/local/texlive/2023/texmf-dist/fonts/enc/dvips/cm-super/cm-super-ts1.enc}] [4] [5]
LaTeX Font Info:    Trying to load font information for T1+cmtt on input line 253.
 (/usr/local/texlive/2023/texmf-dist/tex/latex/base/t1cmtt.fd
File: t1cmtt.fd 2022/07/10 v2.5l Standard LaTeX font definitions
) [6] [7] [8] [9] [10] (./informe.aux) ) 
Here is how much of TeX's memory you used:
 6109 strings out of 476025
 99031 string characters out of 5790016
 1858388 words of memory out of 5000000
 26473 multiletter control sequences out of 15000+600000
 524869 words of font info for 64 fonts, out of 8000000 for 9000
 1141 hyphenation exceptions out of 8191
 67i,12n,77p,567b,399s stack positions out of 10000i,1000n,20000p,200000b,200000s
</usr/local/texlive/2023/texmf-dist/fonts/type1/public/amsfonts/cm/cmmi10.pfb></usr/local/texlive/2023/texmf-dist/fonts/type1/public/amsfonts/cm/cmr10.pfb></usr/local/texlive/2023/texmf-dist/fonts/type1/public/amsfonts/cm/cmss10.pfb></usr/local/texlive/2023/texmf-dist/fonts/type1/public/amsfonts/cm/cmsy10.pfb></usr/local/texlive/2023/texmf-dist/fonts/type1/public/amsfonts/cm/cmsy7.pfb></usr/local/texlive/2023/texmf-dist/fonts/type1/public/amsfonts/cm/cmti10.pfb></usr/local/texlive/2023/texmf-dist/fonts/type1/public/amsfonts/symbols/msam10.pfb></usr/local/texlive/2023/texmf-dist/fonts/type1/public/amsfonts/symbols/msbm10.pfb></usr/local/texlive/2023/texmf-dist/fonts/type1/public/cm-super/sfbi1440.pfb></usr/local/texlive/2023/texmf-dist/fonts/type1/public/cm-super/sfbx1000.pfb></usr/local/texlive/2023/texmf-dist/fonts/type1/public/cm-super/sfbx1200.pfb></usr/local/texlive/2023/texmf-dist/fonts/type1/public/cm-super/sfbx1440.pfb></usr/local/texlive/2023/texmf-dist/fonts/type1/public/cm-super/sfbx2488.pfb></usr/local/texlive/2023/texmf-dist/fonts/type1/public/cm-super/sfrm1000.pfb></usr/local/texlive/2023/texmf-dist/fonts/type1/public/cm-super/sfrm1200.pfb></usr/local/texlive/2023/texmf-dist/fonts/type1/public/cm-super/sfti1000.pfb></usr/local/texlive/2023/texmf-dist/fonts/type1/public/cm-super/sftt1000.pfb></usr/local/texlive/2023/texmf-dist/fonts/type1/public/cm-super/sfxc1440.pfb>
Output written on informe.pdf (11 pages, 328245 bytes).
PDF statistics:
 138 PDF objects out of 1000 (max. 8388607)
 85 compressed objects within 1 object stream
 0 named destinations out of 1000 (max. 500000)
 6 words of extra memory for PDF output out of 10000 (max. 10000000)

